<?xml version="1.0" encoding="UTF-8"?>
<testsuite xmlns:xsi="http://www.w3.org/2001/XMLSchema-instance" xsi:noNamespaceSchemaLocation="https://maven.apache.org/surefire/maven-surefire-plugin/xsd/surefire-test-report.xsd" name="collage.CollageApplicationTest" time="1.33" tests="4" errors="4" skipped="0" failures="0">
  <properties>
[...]
</properties>
  <testcase name="stageContainsPaneThatContainsImageView" classname="collage.CollageApplicationTest" time="0.701">
    <error message="java.util.concurrent.ExecutionException: java.lang.AssertionError: Make sure that the CollageApplication class has a method called start that takes a Stage object as its parameter. If this is the case, make sure that the method works correctly. The error: 514, 0" type="java.lang.RuntimeException">java.lang.RuntimeException: java.util.concurrent.ExecutionException: java.lang.AssertionError: Make sure that the CollageApplication class has a method called start that takes a Stage object as its parameter. If this is the case, make sure that the method works correctly. The error: 514, 0
	at collage.CollageApplicationTest.start(CollageApplicationTest.java:53)
</error>
    <system-err><![CDATA[--- Exception in Async Thread ---
java.lang.AssertionError: Make sure that the CollageApplication class has a method called start that takes a Stage object as its parameter. If this is the case, make sure that the method works correctly. The error: 514, 0
	org.junit.Assert.fail(Assert.java:88)
	collage.CollageApplicationTest.start(CollageApplicationTest.java:53)
	org.testfx.framework.junit.ApplicationAdapter.start(ApplicationAdapter.java:41)
	org.testfx.toolkit.impl.ApplicationServiceImpl.lambda$start$0(ApplicationServiceImpl.java:49)
	java.base/java.util.concurrent.FutureTask.run(FutureTask.java:264)
	com.sun.javafx.application.PlatformImpl.lambda$runLater$10(PlatformImpl.java:428)
	java.base/java.security.AccessController.doPrivileged(Native Method)
	com.sun.javafx.application.PlatformImpl.lambda$runLater$11(PlatformImpl.java:427)
	com.sun.glass.ui.InvokeLaterDispatcher$Future.run(InvokeLaterDispatcher.java:96)
	com.sun.glass.ui.win.WinApplication._runLoop(Native Method)
	com.sun.glass.ui.win.WinApplication.lambda$runLoop$3(WinApplication.java:174)
	java.base/java.lang.Thread.run(Thread.java:834)
--- Trace of caller of unhandled exception in Async Thread ---
	java.base/java.lang.Thread.getStackTrace(Thread.java:1606)
	org.testfx.util.WaitForAsyncUtils$ASyncFXCallable.<init>(WaitForAsyncUtils.java:650)
	org.testfx.util.WaitForAsyncUtils.asyncFx(WaitForAsyncUtils.java:258)
	org.testfx.toolkit.impl.ApplicationServiceImpl.start(ApplicationServiceImpl.java:48)
	org.testfx.toolkit.impl.ToolkitServiceImpl.lambda$setupApplication$6(ToolkitServiceImpl.java:127)
	java.base/java.util.concurrent.FutureTask.run(FutureTask.java:264)
	java.base/java.util.concurrent.Executors$RunnableAdapter.call(Executors.java:515)
	java.base/java.util.concurrent.FutureTask.run(FutureTask.java:264)
	java.base/java.util.concurrent.ThreadPoolExecutor.runWorker(ThreadPoolExecutor.java:1128)
	java.base/java.util.concurrent.ThreadPoolExecutor$Worker.run(ThreadPoolExecutor.java:628)
	java.base/java.lang.Thread.run(Thread.java:834)

--- Exception in Async Thread ---
java.util.concurrent.ExecutionException: java.lang.AssertionError: Make sure that the CollageApplication class has a method called start that takes a Stage object as its parameter. If this is the case, make sure that the method works correctly. The error: 514, 0
	java.base/java.util.concurrent.FutureTask.report(FutureTask.java:122)
	java.base/java.util.concurrent.FutureTask.get(FutureTask.java:191)
	org.testfx.util.WaitForAsyncUtils$ASyncFXCallable.get(WaitForAsyncUtils.java:697)
	org.testfx.toolkit.impl.ToolkitServiceImpl.lambda$setupApplication$6(ToolkitServiceImpl.java:127)
	java.base/java.util.concurrent.FutureTask.run(FutureTask.java:264)
	java.base/java.util.concurrent.Executors$RunnableAdapter.call(Executors.java:515)
	java.base/java.util.concurrent.FutureTask.run(FutureTask.java:264)
	java.base/java.util.concurrent.ThreadPoolExecutor.runWorker(ThreadPoolExecutor.java:1128)
	java.base/java.util.concurrent.ThreadPoolExecutor$Worker.run(ThreadPoolExecutor.java:628)
	java.base/java.lang.Thread.run(Thread.java:834)
java.lang.AssertionError: Make sure that the CollageApplication class has a method called start that takes a Stage object as its parameter. If this is the case, make sure that the method works correctly. The error: 514, 0
	org.junit.Assert.fail(Assert.java:88)
	collage.CollageApplicationTest.start(CollageApplicationTest.java:53)
	org.testfx.framework.junit.ApplicationAdapter.start(ApplicationAdapter.java:41)
	org.testfx.toolkit.impl.ApplicationServiceImpl.lambda$start$0(ApplicationServiceImpl.java:49)
	java.base/java.util.concurrent.FutureTask.run(FutureTask.java:264)
	com.sun.javafx.application.PlatformImpl.lambda$runLater$10(PlatformImpl.java:428)
	java.base/java.security.AccessController.doPrivileged(Native Method)
	com.sun.javafx.application.PlatformImpl.lambda$runLater$11(PlatformImpl.java:427)
	com.sun.glass.ui.InvokeLaterDispatcher$Future.run(InvokeLaterDispatcher.java:96)
	com.sun.glass.ui.win.WinApplication._runLoop(Native Method)
	com.sun.glass.ui.win.WinApplication.lambda$runLoop$3(WinApplication.java:174)
	java.base/java.lang.Thread.run(Thread.java:834)
--- Trace of caller of unhandled exception in Async Thread ---
	java.base/java.lang.Thread.getStackTrace(Thread.java:1606)
	org.testfx.util.WaitForAsyncUtils$ASyncFXCallable.<init>(WaitForAsyncUtils.java:650)
	org.testfx.util.WaitForAsyncUtils.async(WaitForAsyncUtils.java:193)
	org.testfx.toolkit.impl.ToolkitServiceImpl.setupApplication(ToolkitServiceImpl.java:123)
	org.testfx.api.FxToolkit.setupApplication(FxToolkit.java:153)
	org.testfx.framework.junit.ApplicationTest.internalBefore(ApplicationTest.java:86)
	java.base/jdk.internal.reflect.NativeMethodAccessorImpl.invoke0(Native Method)
	java.base/jdk.internal.reflect.NativeMethodAccessorImpl.invoke(NativeMethodAccessorImpl.java:62)
	java.base/jdk.internal.reflect.DelegatingMethodAccessorImpl.invoke(DelegatingMethodAccessorImpl.java:43)
	java.base/java.lang.reflect.Method.invoke(Method.java:566)
	org.junit.runners.model.FrameworkMethod$1.runReflectiveCall(FrameworkMethod.java:50)
	org.junit.internal.runners.model.ReflectiveCallable.run(ReflectiveCallable.java:12)
	org.junit.runners.model.FrameworkMethod.invokeExplosively(FrameworkMethod.java:47)
	org.junit.internal.runners.statements.RunBefores.evaluate(RunBefores.java:24)
	org.junit.internal.runners.statements.RunAfters.evaluate(RunAfters.java:27)
	org.junit.runners.ParentRunner.runLeaf(ParentRunner.java:325)
	org.junit.runners.BlockJUnit4ClassRunner.runChild(BlockJUnit4ClassRunner.java:78)
	org.junit.runners.BlockJUnit4ClassRunner.runChild(BlockJUnit4ClassRunner.java:57)
	org.junit.runners.ParentRunner$3.run(ParentRunner.java:290)
	org.junit.runners.ParentRunner$1.schedule(ParentRunner.java:71)
	org.junit.runners.ParentRunner.runChildren(ParentRunner.java:288)
	org.junit.runners.ParentRunner.access$000(ParentRunner.java:58)
	org.junit.runners.ParentRunner$2.evaluate(ParentRunner.java:268)
	org.junit.runners.ParentRunner.run(ParentRunner.java:363)
	org.apache.maven.surefire.junit4.JUnit4Provider.execute(JUnit4Provider.java:365)
	org.apache.maven.surefire.junit4.JUnit4Provider.executeWithRerun(JUnit4Provider.java:273)
	org.apache.maven.surefire.junit4.JUnit4Provider.executeTestSet(JUnit4Provider.java:238)
	org.apache.maven.surefire.junit4.JUnit4Provider.invoke(JUnit4Provider.java:159)
	org.apache.maven.surefire.booter.ForkedBooter.invokeProviderInSameClassLoader(ForkedBooter.java:384)
	org.apache.maven.surefire.booter.ForkedBooter.runSuitesInProcess(ForkedBooter.java:345)
	org.apache.maven.surefire.booter.ForkedBooter.execute(ForkedBooter.java:126)
	org.apache.maven.surefire.booter.ForkedBooter.main(ForkedBooter.java:418)

]]></system-err>
  </testcase>
  <testcase name="part1" classname="collage.CollageApplicationTest" time="0.177">
    <error message="java.util.concurrent.ExecutionException: java.lang.AssertionError: Make sure that the CollageApplication class has a method called start that takes a Stage object as its parameter. If this is the case, make sure that the method works correctly. The error: 514, 0" type="java.lang.RuntimeException">java.lang.RuntimeException: java.util.concurrent.ExecutionException: java.lang.AssertionError: Make sure that the CollageApplication class has a method called start that takes a Stage object as its parameter. If this is the case, make sure that the method works correctly. The error: 514, 0
	at collage.CollageApplicationTest.start(CollageApplicationTest.java:53)
</error>
    <system-err><![CDATA[--- Exception in Async Thread ---
java.lang.AssertionError: Make sure that the CollageApplication class has a method called start that takes a Stage object as its parameter. If this is the case, make sure that the method works correctly. The error: 514, 0
	org.junit.Assert.fail(Assert.java:88)
	collage.CollageApplicationTest.start(CollageApplicationTest.java:53)
	org.testfx.framework.junit.ApplicationAdapter.start(ApplicationAdapter.java:41)
	org.testfx.toolkit.impl.ApplicationServiceImpl.lambda$start$0(ApplicationServiceImpl.java:49)
	java.base/java.util.concurrent.FutureTask.run(FutureTask.java:264)
	com.sun.javafx.application.PlatformImpl.lambda$runLater$10(PlatformImpl.java:428)
	java.base/java.security.AccessController.doPrivileged(Native Method)
	com.sun.javafx.application.PlatformImpl.lambda$runLater$11(PlatformImpl.java:427)
	com.sun.glass.ui.InvokeLaterDispatcher$Future.run(InvokeLaterDispatcher.java:96)
	com.sun.glass.ui.win.WinApplication._runLoop(Native Method)
	com.sun.glass.ui.win.WinApplication.lambda$runLoop$3(WinApplication.java:174)
	java.base/java.lang.Thread.run(Thread.java:834)
--- Trace of caller of unhandled exception in Async Thread ---
	java.base/java.lang.Thread.getStackTrace(Thread.java:1606)
	org.testfx.util.WaitForAsyncUtils$ASyncFXCallable.<init>(WaitForAsyncUtils.java:650)
	org.testfx.util.WaitForAsyncUtils.asyncFx(WaitForAsyncUtils.java:258)
	org.testfx.toolkit.impl.ApplicationServiceImpl.start(ApplicationServiceImpl.java:48)
	org.testfx.toolkit.impl.ToolkitServiceImpl.lambda$setupApplication$6(ToolkitServiceImpl.java:127)
	java.base/java.util.concurrent.FutureTask.run(FutureTask.java:264)
	java.base/java.util.concurrent.Executors$RunnableAdapter.call(Executors.java:515)
	java.base/java.util.concurrent.FutureTask.run(FutureTask.java:264)
	java.base/java.util.concurrent.ThreadPoolExecutor.runWorker(ThreadPoolExecutor.java:1128)
	java.base/java.util.concurrent.ThreadPoolExecutor$Worker.run(ThreadPoolExecutor.java:628)
	java.base/java.lang.Thread.run(Thread.java:834)

--- Exception in Async Thread ---
java.util.concurrent.ExecutionException: java.lang.AssertionError: Make sure that the CollageApplication class has a method called start that takes a Stage object as its parameter. If this is the case, make sure that the method works correctly. The error: 514, 0
	java.base/java.util.concurrent.FutureTask.report(FutureTask.java:122)
	java.base/java.util.concurrent.FutureTask.get(FutureTask.java:191)
	org.testfx.util.WaitForAsyncUtils$ASyncFXCallable.get(WaitForAsyncUtils.java:697)
	org.testfx.toolkit.impl.ToolkitServiceImpl.lambda$setupApplication$6(ToolkitServiceImpl.java:127)
	java.base/java.util.concurrent.FutureTask.run(FutureTask.java:264)
	java.base/java.util.concurrent.Executors$RunnableAdapter.call(Executors.java:515)
	java.base/java.util.concurrent.FutureTask.run(FutureTask.java:264)
	java.base/java.util.concurrent.ThreadPoolExecutor.runWorker(ThreadPoolExecutor.java:1128)
	java.base/java.util.concurrent.ThreadPoolExecutor$Worker.run(ThreadPoolExecutor.java:628)
	java.base/java.lang.Thread.run(Thread.java:834)
java.lang.AssertionError: Make sure that the CollageApplication class has a method called start that takes a Stage object as its parameter. If this is the case, make sure that the method works correctly. The error: 514, 0
	org.junit.Assert.fail(Assert.java:88)
	collage.CollageApplicationTest.start(CollageApplicationTest.java:53)
	org.testfx.framework.junit.ApplicationAdapter.start(ApplicationAdapter.java:41)
	org.testfx.toolkit.impl.ApplicationServiceImpl.lambda$start$0(ApplicationServiceImpl.java:49)
	java.base/java.util.concurrent.FutureTask.run(FutureTask.java:264)
	com.sun.javafx.application.PlatformImpl.lambda$runLater$10(PlatformImpl.java:428)
	java.base/java.security.AccessController.doPrivileged(Native Method)
	com.sun.javafx.application.PlatformImpl.lambda$runLater$11(PlatformImpl.java:427)
	com.sun.glass.ui.InvokeLaterDispatcher$Future.run(InvokeLaterDispatcher.java:96)
	com.sun.glass.ui.win.WinApplication._runLoop(Native Method)
	com.sun.glass.ui.win.WinApplication.lambda$runLoop$3(WinApplication.java:174)
	java.base/java.lang.Thread.run(Thread.java:834)
--- Trace of caller of unhandled exception in Async Thread ---
	java.base/java.lang.Thread.getStackTrace(Thread.java:1606)
	org.testfx.util.WaitForAsyncUtils$ASyncFXCallable.<init>(WaitForAsyncUtils.java:650)
	org.testfx.util.WaitForAsyncUtils.async(WaitForAsyncUtils.java:193)
	org.testfx.toolkit.impl.ToolkitServiceImpl.setupApplication(ToolkitServiceImpl.java:123)
	org.testfx.api.FxToolkit.setupApplication(FxToolkit.java:153)
	org.testfx.framework.junit.ApplicationTest.internalBefore(ApplicationTest.java:86)
	java.base/jdk.internal.reflect.NativeMethodAccessorImpl.invoke0(Native Method)
	java.base/jdk.internal.reflect.NativeMethodAccessorImpl.invoke(NativeMethodAccessorImpl.java:62)
	java.base/jdk.internal.reflect.DelegatingMethodAccessorImpl.invoke(DelegatingMethodAccessorImpl.java:43)
	java.base/java.lang.reflect.Method.invoke(Method.java:566)
	org.junit.runners.model.FrameworkMethod$1.runReflectiveCall(FrameworkMethod.java:50)
	org.junit.internal.runners.model.ReflectiveCallable.run(ReflectiveCallable.java:12)
	org.junit.runners.model.FrameworkMethod.invokeExplosively(FrameworkMethod.java:47)
	org.junit.internal.runners.statements.RunBefores.evaluate(RunBefores.java:24)
	org.junit.internal.runners.statements.RunAfters.evaluate(RunAfters.java:27)
	org.junit.runners.ParentRunner.runLeaf(ParentRunner.java:325)
	org.junit.runners.BlockJUnit4ClassRunner.runChild(BlockJUnit4ClassRunner.java:78)
	org.junit.runners.BlockJUnit4ClassRunner.runChild(BlockJUnit4ClassRunner.java:57)
	org.junit.runners.ParentRunner$3.run(ParentRunner.java:290)
	org.junit.runners.ParentRunner$1.schedule(ParentRunner.java:71)
	org.junit.runners.ParentRunner.runChildren(ParentRunner.java:288)
	org.junit.runners.ParentRunner.access$000(ParentRunner.java:58)
	org.junit.runners.ParentRunner$2.evaluate(ParentRunner.java:268)
	org.junit.runners.ParentRunner.run(ParentRunner.java:363)
	org.apache.maven.surefire.junit4.JUnit4Provider.execute(JUnit4Provider.java:365)
	org.apache.maven.surefire.junit4.JUnit4Provider.executeWithRerun(JUnit4Provider.java:273)
	org.apache.maven.surefire.junit4.JUnit4Provider.executeTestSet(JUnit4Provider.java:238)
	org.apache.maven.surefire.junit4.JUnit4Provider.invoke(JUnit4Provider.java:159)
	org.apache.maven.surefire.booter.ForkedBooter.invokeProviderInSameClassLoader(ForkedBooter.java:384)
	org.apache.maven.surefire.booter.ForkedBooter.runSuitesInProcess(ForkedBooter.java:345)
	org.apache.maven.surefire.booter.ForkedBooter.execute(ForkedBooter.java:126)
	org.apache.maven.surefire.booter.ForkedBooter.main(ForkedBooter.java:418)

]]></system-err>
  </testcase>
  <testcase name="part2" classname="collage.CollageApplicationTest" time="0.176">
    <error message="java.util.concurrent.ExecutionException: java.lang.AssertionError: Make sure that the CollageApplication class has a method called start that takes a Stage object as its parameter. If this is the case, make sure that the method works correctly. The error: 514, 0" type="java.lang.RuntimeException">java.lang.RuntimeException: java.util.concurrent.ExecutionException: java.lang.AssertionError: Make sure that the CollageApplication class has a method called start that takes a Stage object as its parameter. If this is the case, make sure that the method works correctly. The error: 514, 0
	at collage.CollageApplicationTest.start(CollageApplicationTest.java:53)
</error>
    <system-err><![CDATA[--- Exception in Async Thread ---
java.lang.AssertionError: Make sure that the CollageApplication class has a method called start that takes a Stage object as its parameter. If this is the case, make sure that the method works correctly. The error: 514, 0
	org.junit.Assert.fail(Assert.java:88)
	collage.CollageApplicationTest.start(CollageApplicationTest.java:53)
	org.testfx.framework.junit.ApplicationAdapter.start(ApplicationAdapter.java:41)
	org.testfx.toolkit.impl.ApplicationServiceImpl.lambda$start$0(ApplicationServiceImpl.java:49)
	java.base/java.util.concurrent.FutureTask.run(FutureTask.java:264)
	com.sun.javafx.application.PlatformImpl.lambda$runLater$10(PlatformImpl.java:428)
	java.base/java.security.AccessController.doPrivileged(Native Method)
	com.sun.javafx.application.PlatformImpl.lambda$runLater$11(PlatformImpl.java:427)
	com.sun.glass.ui.InvokeLaterDispatcher$Future.run(InvokeLaterDispatcher.java:96)
	com.sun.glass.ui.win.WinApplication._runLoop(Native Method)
	com.sun.glass.ui.win.WinApplication.lambda$runLoop$3(WinApplication.java:174)
	java.base/java.lang.Thread.run(Thread.java:834)
--- Trace of caller of unhandled exception in Async Thread ---
	java.base/java.lang.Thread.getStackTrace(Thread.java:1606)
	org.testfx.util.WaitForAsyncUtils$ASyncFXCallable.<init>(WaitForAsyncUtils.java:650)
	org.testfx.util.WaitForAsyncUtils.asyncFx(WaitForAsyncUtils.java:258)
	org.testfx.toolkit.impl.ApplicationServiceImpl.start(ApplicationServiceImpl.java:48)
	org.testfx.toolkit.impl.ToolkitServiceImpl.lambda$setupApplication$6(ToolkitServiceImpl.java:127)
	java.base/java.util.concurrent.FutureTask.run(FutureTask.java:264)
	java.base/java.util.concurrent.Executors$RunnableAdapter.call(Executors.java:515)
	java.base/java.util.concurrent.FutureTask.run(FutureTask.java:264)
	java.base/java.util.concurrent.ThreadPoolExecutor.runWorker(ThreadPoolExecutor.java:1128)
	java.base/java.util.concurrent.ThreadPoolExecutor$Worker.run(ThreadPoolExecutor.java:628)
	java.base/java.lang.Thread.run(Thread.java:834)

--- Exception in Async Thread ---
java.util.concurrent.ExecutionException: java.lang.AssertionError: Make sure that the CollageApplication class has a method called start that takes a Stage object as its parameter. If this is the case, make sure that the method works correctly. The error: 514, 0
	java.base/java.util.concurrent.FutureTask.report(FutureTask.java:122)
	java.base/java.util.concurrent.FutureTask.get(FutureTask.java:191)
	org.testfx.util.WaitForAsyncUtils$ASyncFXCallable.get(WaitForAsyncUtils.java:697)
	org.testfx.toolkit.impl.ToolkitServiceImpl.lambda$setupApplication$6(ToolkitServiceImpl.java:127)
	java.base/java.util.concurrent.FutureTask.run(FutureTask.java:264)
	java.base/java.util.concurrent.Executors$RunnableAdapter.call(Executors.java:515)
	java.base/java.util.concurrent.FutureTask.run(FutureTask.java:264)
	java.base/java.util.concurrent.ThreadPoolExecutor.runWorker(ThreadPoolExecutor.java:1128)
	java.base/java.util.concurrent.ThreadPoolExecutor$Worker.run(ThreadPoolExecutor.java:628)
	java.base/java.lang.Thread.run(Thread.java:834)
java.lang.AssertionError: Make sure that the CollageApplication class has a method called start that takes a Stage object as its parameter. If this is the case, make sure that the method works correctly. The error: 514, 0
	org.junit.Assert.fail(Assert.java:88)
	collage.CollageApplicationTest.start(CollageApplicationTest.java:53)
	org.testfx.framework.junit.ApplicationAdapter.start(ApplicationAdapter.java:41)
	org.testfx.toolkit.impl.ApplicationServiceImpl.lambda$start$0(ApplicationServiceImpl.java:49)
	java.base/java.util.concurrent.FutureTask.run(FutureTask.java:264)
	com.sun.javafx.application.PlatformImpl.lambda$runLater$10(PlatformImpl.java:428)
	java.base/java.security.AccessController.doPrivileged(Native Method)
	com.sun.javafx.application.PlatformImpl.lambda$runLater$11(PlatformImpl.java:427)
	com.sun.glass.ui.InvokeLaterDispatcher$Future.run(InvokeLaterDispatcher.java:96)
	com.sun.glass.ui.win.WinApplication._runLoop(Native Method)
	com.sun.glass.ui.win.WinApplication.lambda$runLoop$3(WinApplication.java:174)
	java.base/java.lang.Thread.run(Thread.java:834)
--- Trace of caller of unhandled exception in Async Thread ---
	java.base/java.lang.Thread.getStackTrace(Thread.java:1606)
	org.testfx.util.WaitForAsyncUtils$ASyncFXCallable.<init>(WaitForAsyncUtils.java:650)
	org.testfx.util.WaitForAsyncUtils.async(WaitForAsyncUtils.java:193)
	org.testfx.toolkit.impl.ToolkitServiceImpl.setupApplication(ToolkitServiceImpl.java:123)
	org.testfx.api.FxToolkit.setupApplication(FxToolkit.java:153)
	org.testfx.framework.junit.ApplicationTest.internalBefore(ApplicationTest.java:86)
	java.base/jdk.internal.reflect.NativeMethodAccessorImpl.invoke0(Native Method)
	java.base/jdk.internal.reflect.NativeMethodAccessorImpl.invoke(NativeMethodAccessorImpl.java:62)
	java.base/jdk.internal.reflect.DelegatingMethodAccessorImpl.invoke(DelegatingMethodAccessorImpl.java:43)
	java.base/java.lang.reflect.Method.invoke(Method.java:566)
	org.junit.runners.model.FrameworkMethod$1.runReflectiveCall(FrameworkMethod.java:50)
	org.junit.internal.runners.model.ReflectiveCallable.run(ReflectiveCallable.java:12)
	org.junit.runners.model.FrameworkMethod.invokeExplosively(FrameworkMethod.java:47)
	org.junit.internal.runners.statements.RunBefores.evaluate(RunBefores.java:24)
	org.junit.internal.runners.statements.RunAfters.evaluate(RunAfters.java:27)
	org.junit.runners.ParentRunner.runLeaf(ParentRunner.java:325)
	org.junit.runners.BlockJUnit4ClassRunner.runChild(BlockJUnit4ClassRunner.java:78)
	org.junit.runners.BlockJUnit4ClassRunner.runChild(BlockJUnit4ClassRunner.java:57)
	org.junit.runners.ParentRunner$3.run(ParentRunner.java:290)
	org.junit.runners.ParentRunner$1.schedule(ParentRunner.java:71)
	org.junit.runners.ParentRunner.runChildren(ParentRunner.java:288)
	org.junit.runners.ParentRunner.access$000(ParentRunner.java:58)
	org.junit.runners.ParentRunner$2.evaluate(ParentRunner.java:268)
	org.junit.runners.ParentRunner.run(ParentRunner.java:363)
	org.apache.maven.surefire.junit4.JUnit4Provider.execute(JUnit4Provider.java:365)
	org.apache.maven.surefire.junit4.JUnit4Provider.executeWithRerun(JUnit4Provider.java:273)
	org.apache.maven.surefire.junit4.JUnit4Provider.executeTestSet(JUnit4Provider.java:238)
	org.apache.maven.surefire.junit4.JUnit4Provider.invoke(JUnit4Provider.java:159)
	org.apache.maven.surefire.booter.ForkedBooter.invokeProviderInSameClassLoader(ForkedBooter.java:384)
	org.apache.maven.surefire.booter.ForkedBooter.runSuitesInProcess(ForkedBooter.java:345)
	org.apache.maven.surefire.booter.ForkedBooter.execute(ForkedBooter.java:126)
	org.apache.maven.surefire.booter.ForkedBooter.main(ForkedBooter.java:418)

]]></system-err>
  </testcase>
  <testcase name="part3" classname="collage.CollageApplicationTest" time="0.179">
    <error message="java.util.concurrent.ExecutionException: java.lang.AssertionError: Make sure that the CollageApplication class has a method called start that takes a Stage object as its parameter. If this is the case, make sure that the method works correctly. The error: 514, 0" type="java.lang.RuntimeException">java.lang.RuntimeException: java.util.concurrent.ExecutionException: java.lang.AssertionError: Make sure that the CollageApplication class has a method called start that takes a Stage object as its parameter. If this is the case, make sure that the method works correctly. The error: 514, 0
	at collage.CollageApplicationTest.start(CollageApplicationTest.java:53)
</error>
    <system-err><![CDATA[--- Exception in Async Thread ---
java.lang.AssertionError: Make sure that the CollageApplication class has a method called start that takes a Stage object as its parameter. If this is the case, make sure that the method works correctly. The error: 514, 0
	org.junit.Assert.fail(Assert.java:88)
	collage.CollageApplicationTest.start(CollageApplicationTest.java:53)
	org.testfx.framework.junit.ApplicationAdapter.start(ApplicationAdapter.java:41)
	org.testfx.toolkit.impl.ApplicationServiceImpl.lambda$start$0(ApplicationServiceImpl.java:49)
	java.base/java.util.concurrent.FutureTask.run(FutureTask.java:264)
	com.sun.javafx.application.PlatformImpl.lambda$runLater$10(PlatformImpl.java:428)
	java.base/java.security.AccessController.doPrivileged(Native Method)
	com.sun.javafx.application.PlatformImpl.lambda$runLater$11(PlatformImpl.java:427)
	com.sun.glass.ui.InvokeLaterDispatcher$Future.run(InvokeLaterDispatcher.java:96)
	com.sun.glass.ui.win.WinApplication._runLoop(Native Method)
	com.sun.glass.ui.win.WinApplication.lambda$runLoop$3(WinApplication.java:174)
	java.base/java.lang.Thread.run(Thread.java:834)
--- Trace of caller of unhandled exception in Async Thread ---
	java.base/java.lang.Thread.getStackTrace(Thread.java:1606)
	org.testfx.util.WaitForAsyncUtils$ASyncFXCallable.<init>(WaitForAsyncUtils.java:650)
	org.testfx.util.WaitForAsyncUtils.asyncFx(WaitForAsyncUtils.java:258)
	org.testfx.toolkit.impl.ApplicationServiceImpl.start(ApplicationServiceImpl.java:48)
	org.testfx.toolkit.impl.ToolkitServiceImpl.lambda$setupApplication$6(ToolkitServiceImpl.java:127)
	java.base/java.util.concurrent.FutureTask.run(FutureTask.java:264)
	java.base/java.util.concurrent.Executors$RunnableAdapter.call(Executors.java:515)
	java.base/java.util.concurrent.FutureTask.run(FutureTask.java:264)
	java.base/java.util.concurrent.ThreadPoolExecutor.runWorker(ThreadPoolExecutor.java:1128)
	java.base/java.util.concurrent.ThreadPoolExecutor$Worker.run(ThreadPoolExecutor.java:628)
	java.base/java.lang.Thread.run(Thread.java:834)

--- Exception in Async Thread ---
java.util.concurrent.ExecutionException: java.lang.AssertionError: Make sure that the CollageApplication class has a method called start that takes a Stage object as its parameter. If this is the case, make sure that the method works correctly. The error: 514, 0
	java.base/java.util.concurrent.FutureTask.report(FutureTask.java:122)
	java.base/java.util.concurrent.FutureTask.get(FutureTask.java:191)
	org.testfx.util.WaitForAsyncUtils$ASyncFXCallable.get(WaitForAsyncUtils.java:697)
	org.testfx.toolkit.impl.ToolkitServiceImpl.lambda$setupApplication$6(ToolkitServiceImpl.java:127)
	java.base/java.util.concurrent.FutureTask.run(FutureTask.java:264)
	java.base/java.util.concurrent.Executors$RunnableAdapter.call(Executors.java:515)
	java.base/java.util.concurrent.FutureTask.run(FutureTask.java:264)
	java.base/java.util.concurrent.ThreadPoolExecutor.runWorker(ThreadPoolExecutor.java:1128)
	java.base/java.util.concurrent.ThreadPoolExecutor$Worker.run(ThreadPoolExecutor.java:628)
	java.base/java.lang.Thread.run(Thread.java:834)
java.lang.AssertionError: Make sure that the CollageApplication class has a method called start that takes a Stage object as its parameter. If this is the case, make sure that the method works correctly. The error: 514, 0
	org.junit.Assert.fail(Assert.java:88)
	collage.CollageApplicationTest.start(CollageApplicationTest.java:53)
	org.testfx.framework.junit.ApplicationAdapter.start(ApplicationAdapter.java:41)
	org.testfx.toolkit.impl.ApplicationServiceImpl.lambda$start$0(ApplicationServiceImpl.java:49)
	java.base/java.util.concurrent.FutureTask.run(FutureTask.java:264)
	com.sun.javafx.application.PlatformImpl.lambda$runLater$10(PlatformImpl.java:428)
	java.base/java.security.AccessController.doPrivileged(Native Method)
	com.sun.javafx.application.PlatformImpl.lambda$runLater$11(PlatformImpl.java:427)
	com.sun.glass.ui.InvokeLaterDispatcher$Future.run(InvokeLaterDispatcher.java:96)
	com.sun.glass.ui.win.WinApplication._runLoop(Native Method)
	com.sun.glass.ui.win.WinApplication.lambda$runLoop$3(WinApplication.java:174)
	java.base/java.lang.Thread.run(Thread.java:834)
--- Trace of caller of unhandled exception in Async Thread ---
	java.base/java.lang.Thread.getStackTrace(Thread.java:1606)
	org.testfx.util.WaitForAsyncUtils$ASyncFXCallable.<init>(WaitForAsyncUtils.java:650)
	org.testfx.util.WaitForAsyncUtils.async(WaitForAsyncUtils.java:193)
	org.testfx.toolkit.impl.ToolkitServiceImpl.setupApplication(ToolkitServiceImpl.java:123)
	org.testfx.api.FxToolkit.setupApplication(FxToolkit.java:153)
	org.testfx.framework.junit.ApplicationTest.internalBefore(ApplicationTest.java:86)
	java.base/jdk.internal.reflect.NativeMethodAccessorImpl.invoke0(Native Method)
	java.base/jdk.internal.reflect.NativeMethodAccessorImpl.invoke(NativeMethodAccessorImpl.java:62)
	java.base/jdk.internal.reflect.DelegatingMethodAccessorImpl.invoke(DelegatingMethodAccessorImpl.java:43)
	java.base/java.lang.reflect.Method.invoke(Method.java:566)
	org.junit.runners.model.FrameworkMethod$1.runReflectiveCall(FrameworkMethod.java:50)
	org.junit.internal.runners.model.ReflectiveCallable.run(ReflectiveCallable.java:12)
	org.junit.runners.model.FrameworkMethod.invokeExplosively(FrameworkMethod.java:47)
	org.junit.internal.runners.statements.RunBefores.evaluate(RunBefores.java:24)
	org.junit.internal.runners.statements.RunAfters.evaluate(RunAfters.java:27)
	org.junit.runners.ParentRunner.runLeaf(ParentRunner.java:325)
	org.junit.runners.BlockJUnit4ClassRunner.runChild(BlockJUnit4ClassRunner.java:78)
	org.junit.runners.BlockJUnit4ClassRunner.runChild(BlockJUnit4ClassRunner.java:57)
	org.junit.runners.ParentRunner$3.run(ParentRunner.java:290)
	org.junit.runners.ParentRunner$1.schedule(ParentRunner.java:71)
	org.junit.runners.ParentRunner.runChildren(ParentRunner.java:288)
	org.junit.runners.ParentRunner.access$000(ParentRunner.java:58)
	org.junit.runners.ParentRunner$2.evaluate(ParentRunner.java:268)
	org.junit.runners.ParentRunner.run(ParentRunner.java:363)
	org.apache.maven.surefire.junit4.JUnit4Provider.execute(JUnit4Provider.java:365)
	org.apache.maven.surefire.junit4.JUnit4Provider.executeWithRerun(JUnit4Provider.java:273)
	org.apache.maven.surefire.junit4.JUnit4Provider.executeTestSet(JUnit4Provider.java:238)
	org.apache.maven.surefire.junit4.JUnit4Provider.invoke(JUnit4Provider.java:159)
	org.apache.maven.surefire.booter.ForkedBooter.invokeProviderInSameClassLoader(ForkedBooter.java:384)
	org.apache.maven.surefire.booter.ForkedBooter.runSuitesInProcess(ForkedBooter.java:345)
	org.apache.maven.surefire.booter.ForkedBooter.execute(ForkedBooter.java:126)
	org.apache.maven.surefire.booter.ForkedBooter.main(ForkedBooter.java:418)

]]></system-err>
  </testcase>
</testsuite>